Energies (fitnesses) of the initial pool
-6.82535416 
-7.32366764 
-7.32321507 
-7.32202736 
-6.92827227 
-6.62864763 
-7.3229591 
-7.32310816 
-6.5651862 
-7.32304653 

Starting Evolution
Generation 1 
mutType crossover 
Total number of clusters in the new population 11 
Energies (fitnesses) of the present pool
-6.82535416 
-7.32366764 
-7.32321507 
-7.32202736 
-6.92827227 
-6.62864763 
-7.3229591 
-7.32310816 
-6.5651862 
-7.32304653 
-6.91161544 
Lowest energy cluster is [Atoms(symbols='Cu4', pbc=True, cell=[20.64, 18.67852516699584, 20.753734663042472], calculator=SinglePointCalculator(...))] 
Lowest energy is -7.32366764 

Generation 2 
mutType crossover 
Total number of clusters in the new population 11 
Energies (fitnesses) of the present pool
-7.32366764 
-7.32321507 
-7.32310816 
-7.32304653 
-7.3229591 
-7.32202736 
-6.92827227 
-6.91161544 
-6.82535416 
-6.62864763 
-6.90900335 
Lowest energy cluster is [Atoms(symbols='Cu4', pbc=True, cell=[20.64, 18.67852516699584, 20.753734663042472], calculator=SinglePointCalculator(...))] 
Lowest energy is -7.32366764 

